Command line invocation:
    /Applications/Xcode.app/Contents/Developer/usr/bin/xcodebuild -project /Users/macmini/src/system-metrics/SystemMetrics/SystemMetrics.xcodeproj -scheme SystemMetrics -destination "platform=macOS,name=My Mac" -derivedDataPath /Users/macmini/src/system-metrics/.derivedData build

2026-04-08 16:40:19.157 xcodebuild[84978:32292827] [MT] IDERunDestination: Supported platforms for the buildables in the current scheme is empty.
--- xcodebuild: WARNING: Using the first of multiple matching destinations:
{ platform:macOS, arch:arm64, id:00006040-001E71E036F3801C, name:My Mac }
{ platform:macOS, arch:x86_64, id:00006040-001E71E036F3801C, name:My Mac }
ComputePackagePrebuildTargetDependencyGraph

Prepare packages

CreateBuildRequest

SendProjectDescription

CreateBuildOperation

ComputeTargetDependencyGraph
note: Building targets in dependency order
note: Target dependency graph (1 target)
    Target 'SystemMetrics' in project 'SystemMetrics' (no dependencies)

GatherProvisioningInputs

CreateBuildDescription

ExecuteExternalTool /Applications/Xcode.app/Contents/Developer/Toolchains/XcodeDefault.xctoolchain/usr/bin/clang -v -E -dM -isysroot /Applications/Xcode.app/Contents/Developer/Platforms/MacOSX.platform/Developer/SDKs/MacOSX26.2.sdk -x c -c /dev/null

ExecuteExternalTool /Applications/Xcode.app/Contents/Developer/usr/bin/actool --version --output-format xml1

ExecuteExternalTool /Applications/Xcode.app/Contents/Developer/Toolchains/XcodeDefault.xctoolchain/usr/bin/swiftc --version

ExecuteExternalTool /Applications/Xcode.app/Contents/Developer/Toolchains/XcodeDefault.xctoolchain/usr/bin/ld -version_details

Build description signature: 500872745920a3b6975463028fa7ba26
Build description path: /Users/macmini/src/system-metrics/.derivedData/Build/Intermediates.noindex/XCBuildData/500872745920a3b6975463028fa7ba26.xcbuilddata
ClangStatCache /Applications/Xcode.app/Contents/Developer/Toolchains/XcodeDefault.xctoolchain/usr/bin/clang-stat-cache /Applications/Xcode.app/Contents/Developer/Platforms/MacOSX.platform/Developer/SDKs/MacOSX26.2.sdk /Users/macmini/src/system-metrics/.derivedData/SDKStatCaches.noindex/macosx26.2-25C58-00fa09913b459cbbc988d1f6730289ae.sdkstatcache
    cd /Users/macmini/src/system-metrics/SystemMetrics/SystemMetrics.xcodeproj
    /Applications/Xcode.app/Contents/Developer/Toolchains/XcodeDefault.xctoolchain/usr/bin/clang-stat-cache /Applications/Xcode.app/Contents/Developer/Platforms/MacOSX.platform/Developer/SDKs/MacOSX26.2.sdk -o /Users/macmini/src/system-metrics/.derivedData/SDKStatCaches.noindex/macosx26.2-25C58-00fa09913b459cbbc988d1f6730289ae.sdkstatcache

ProcessInfoPlistFile /Users/macmini/src/system-metrics/.derivedData/Build/Products/Debug/SystemMetrics.app/Contents/Info.plist /Users/macmini/src/system-metrics/.derivedData/Build/Intermediates.noindex/SystemMetrics.build/Debug/SystemMetrics.build/empty-SystemMetrics.plist (in target 'SystemMetrics' from project 'SystemMetrics')
    cd /Users/macmini/src/system-metrics/SystemMetrics
    builtin-infoPlistUtility /Users/macmini/src/system-metrics/.derivedData/Build/Intermediates.noindex/SystemMetrics.build/Debug/SystemMetrics.build/empty-SystemMetrics.plist -producttype com.apple.product-type.application -genpkginfo /Users/macmini/src/system-metrics/.derivedData/Build/Products/Debug/SystemMetrics.app/Contents/PkgInfo -expandbuildsettings -platform macosx -additionalcontentfile /Users/macmini/src/system-metrics/.derivedData/Build/Intermediates.noindex/SystemMetrics.build/Debug/SystemMetrics.build/assetcatalog_generated_info.plist -o /Users/macmini/src/system-metrics/.derivedData/Build/Products/Debug/SystemMetrics.app/Contents/Info.plist

SwiftDriver SystemMetrics normal arm64 com.apple.xcode.tools.swift.compiler (in target 'SystemMetrics' from project 'SystemMetrics')
    cd /Users/macmini/src/system-metrics/SystemMetrics
    builtin-SwiftDriver -- /Applications/Xcode.app/Contents/Developer/Toolchains/XcodeDefault.xctoolchain/usr/bin/swiftc -module-name SystemMetrics -Onone -enforce-exclusivity\=checked @/Users/macmini/src/system-metrics/.derivedData/Build/Intermediates.noindex/SystemMetrics.build/Debug/SystemMetrics.build/Objects-normal/arm64/SystemMetrics.SwiftFileList -DDEBUG -default-isolation\=MainActor -enable-bare-slash-regex -enable-upcoming-feature DisableOutwardActorInference -enable-upcoming-feature InferSendableFromCaptures -enable-upcoming-feature GlobalActorIsolatedTypesUsability -enable-upcoming-feature MemberImportVisibility -enable-upcoming-feature InferIsolatedConformances -enable-upcoming-feature NonisolatedNonsendingByDefault -enable-experimental-feature DebugDescriptionMacro -sdk /Applications/Xcode.app/Contents/Developer/Platforms/MacOSX.platform/Developer/SDKs/MacOSX26.2.sdk -target arm64-apple-macos26.2 -g -module-cache-path /Users/macmini/src/system-metrics/.derivedData/ModuleCache.noindex -Xfrontend -serialize-debugging-options -profile-coverage-mapping -profile-generate -enable-testing -index-store-path /Users/macmini/src/system-metrics/.derivedData/Index.noindex/DataStore -Xcc -D_LIBCPP_HARDENING_MODE\=_LIBCPP_HARDENING_MODE_DEBUG -swift-version 5 -I /Users/macmini/src/system-metrics/.derivedData/Build/Products/Debug -F /Users/macmini/src/system-metrics/.derivedData/Build/Products/Debug -emit-localized-strings -emit-localized-strings-path /Users/macmini/src/system-metrics/.derivedData/Build/Intermediates.noindex/SystemMetrics.build/Debug/SystemMetrics.build/Objects-normal/arm64 -c -j12 -enable-batch-mode -incremental -Xcc -ivfsstatcache -Xcc /Users/macmini/src/system-metrics/.derivedData/SDKStatCaches.noindex/macosx26.2-25C58-00fa09913b459cbbc988d1f6730289ae.sdkstatcache -output-file-map /Users/macmini/src/system-metrics/.derivedData/Build/Intermediates.noindex/SystemMetrics.build/Debug/SystemMetrics.build/Objects-normal/arm64/SystemMetrics-OutputFileMap.json -use-frontend-parseable-output -save-temps -no-color-diagnostics -explicit-module-build -module-cache-path /Users/macmini/src/system-metrics/.derivedData/Build/Intermediates.noindex/SwiftExplicitPrecompiledModules -clang-scanner-module-cache-path /Users/macmini/src/system-metrics/.derivedData/ModuleCache.noindex -sdk-module-cache-path /Users/macmini/src/system-metrics/.derivedData/ModuleCache.noindex -serialize-diagnostics -emit-dependencies -emit-module -emit-module-path /Users/macmini/src/system-metrics/.derivedData/Build/Intermediates.noindex/SystemMetrics.build/Debug/SystemMetrics.build/Objects-normal/arm64/SystemMetrics.swiftmodule -validate-clang-modules-once -clang-build-session-file /Users/macmini/src/system-metrics/.derivedData/ModuleCache.noindex/Session.modulevalidation -Xcc -I/Users/macmini/src/system-metrics/.derivedData/Build/Intermediates.noindex/SystemMetrics.build/Debug/SystemMetrics.build/swift-overrides.hmap -emit-const-values -Xfrontend -const-gather-protocols-file -Xfrontend /Users/macmini/src/system-metrics/.derivedData/Build/Intermediates.noindex/SystemMetrics.build/Debug/SystemMetrics.build/Objects-normal/arm64/SystemMetrics_const_extract_protocols.json -Xcc -iquote -Xcc /Users/macmini/src/system-metrics/.derivedData/Build/Intermediates.noindex/SystemMetrics.build/Debug/SystemMetrics.build/SystemMetrics-generated-files.hmap -Xcc -I/Users/macmini/src/system-metrics/.derivedData/Build/Intermediates.noindex/SystemMetrics.build/Debug/SystemMetrics.build/SystemMetrics-own-target-headers.hmap -Xcc -I/Users/macmini/src/system-metrics/.derivedData/Build/Intermediates.noindex/SystemMetrics.build/Debug/SystemMetrics.build/SystemMetrics-all-target-headers.hmap -Xcc -iquote -Xcc /Users/macmini/src/system-metrics/.derivedData/Build/Intermediates.noindex/SystemMetrics.build/Debug/SystemMetrics.build/SystemMetrics-project-headers.hmap -Xcc -I/Users/macmini/src/system-metrics/.derivedData/Build/Products/Debug/include -Xcc -I/Users/macmini/src/system-metrics/.derivedData/Build/Intermediates.noindex/SystemMetrics.build/Debug/SystemMetrics.build/DerivedSources-normal/arm64 -Xcc -I/Users/macmini/src/system-metrics/.derivedData/Build/Intermediates.noindex/SystemMetrics.build/Debug/SystemMetrics.build/DerivedSources/arm64 -Xcc -I/Users/macmini/src/system-metrics/.derivedData/Build/Intermediates.noindex/SystemMetrics.build/Debug/SystemMetrics.build/DerivedSources -Xcc -DDEBUG\=1 -emit-objc-header -emit-objc-header-path /Users/macmini/src/system-metrics/.derivedData/Build/Intermediates.noindex/SystemMetrics.build/Debug/SystemMetrics.build/Objects-normal/arm64/SystemMetrics-Swift.h -working-directory /Users/macmini/src/system-metrics/SystemMetrics -experimental-emit-module-separately -disable-cmo

SwiftCompile normal arm64 Compiling\ ProcessCollector.swift /Users/macmini/src/system-metrics/SystemMetrics/SystemMetrics/Services/ProcessCollector.swift (in target 'SystemMetrics' from project 'SystemMetrics')

SwiftCompile normal arm64 /Users/macmini/src/system-metrics/SystemMetrics/SystemMetrics/Services/ProcessCollector.swift (in target 'SystemMetrics' from project 'SystemMetrics')
    cd /Users/macmini/src/system-metrics/SystemMetrics
    
/Users/macmini/src/system-metrics/SystemMetrics/SystemMetrics/Services/ProcessCollector.swift:124:46: error: overlapping accesses to 'localCopy.pbi_name', but modification requires exclusive access; consider copying to a local variable
        let fallback = withUnsafePointer(to: &localCopy.pbi_name) { pointer in
                                             ^~~~~~~~~~~~~~~~~~~
/Users/macmini/src/system-metrics/SystemMetrics/SystemMetrics/Services/ProcessCollector.swift:125:102: note: conflicting access is here
            pointer.withMemoryRebound(to: CChar.self, capacity: MemoryLayout.size(ofValue: localCopy.pbi_name)) {
                                                                                           ~~~~~~~~~~^~~~~~~~

Failed frontend command:
/Applications/Xcode.app/Contents/Developer/Toolchains/XcodeDefault.xctoolchain/usr/bin/swift-frontend -frontend -c /Users/macmini/src/system-metrics/SystemMetrics/SystemMetrics/Domain/ProcessModels.swift -primary-file /Users/macmini/src/system-metrics/SystemMetrics/SystemMetrics/Services/ProcessCollector.swift /Users/macmini/src/system-metrics/SystemMetrics/SystemMetrics/Services/ProcessTreeBuilder.swift /Users/macmini/src/system-metrics/SystemMetrics/SystemMetrics/ViewModels/MetricsViewModel.swift /Users/macmini/src/system-metrics/SystemMetrics/SystemMetrics/Views/HierarchyTableView.swift /Users/macmini/src/system-metrics/SystemMetrics/SystemMetrics/Views/PressureCardsView.swift /Users/macmini/src/system-metrics/SystemMetrics/SystemMetrics/Views/TreemapView.swift /Users/macmini/src/system-metrics/SystemMetrics/SystemMetrics/ContentView.swift /Users/macmini/src/system-metrics/SystemMetrics/SystemMetrics/SystemMetricsApp.swift /Users/macmini/src/system-metrics/.derivedData/Build/Intermediates.noindex/SystemMetrics.build/Debug/SystemMetrics.build/DerivedSources/GeneratedAssetSymbols.swift -emit-dependencies-path /Users/macmini/src/system-metrics/.derivedData/Build/Intermediates.noindex/SystemMetrics.build/Debug/SystemMetrics.build/Objects-normal/arm64/ProcessCollector.d -emit-const-values-path /Users/macmini/src/system-metrics/.derivedData/Build/Intermediates.noindex/SystemMetrics.build/Debug/SystemMetrics.build/Objects-normal/arm64/ProcessCollector.swiftconstvalues -emit-reference-dependencies-path /Users/macmini/src/system-metrics/.derivedData/Build/Intermediates.noindex/SystemMetrics.build/Debug/SystemMetrics.build/Objects-normal/arm64/ProcessCollector.swiftdeps -serialize-diagnostics-path /Users/macmini/src/system-metrics/.derivedData/Build/Intermediates.noindex/SystemMetrics.build/Debug/SystemMetrics.build/Objects-normal/arm64/ProcessCollector.dia -emit-localized-strings -emit-localized-strings-path /Users/macmini/src/system-metrics/.derivedData/Build/Intermediates.noindex/SystemMetrics.build/Debug/SystemMetrics.build/Objects-normal/arm64 -target arm64-apple-macos26.2 -module-can-import-version AppKit 2685.30.107 2685.30.107 -module-can-import-version DeveloperToolsSupport 23.0.4 23.0.4 -module-can-import-version SwiftUI 7.2.5.1 7.2.5 -load-resolved-plugin /Applications/Xcode.app/Contents/Developer/Platforms/MacOSX.platform/Developer/usr/lib/swift/host/plugins/libFoundationMacros.dylib\#/Applications/Xcode.app/Contents/Developer/Platforms/MacOSX.platform/Developer/usr/bin/swift-plugin-server\#FoundationMacros -load-resolved-plugin /Applications/Xcode.app/Contents/Developer/Platforms/MacOSX.platform/Developer/usr/lib/swift/host/plugins/libObservationMacros.dylib\#/Applications/Xcode.app/Contents/Developer/Platforms/MacOSX.platform/Developer/usr/bin/swift-plugin-server\#ObservationMacros -load-resolved-plugin /Applications/Xcode.app/Contents/Developer/Platforms/MacOSX.platform/Developer/usr/lib/swift/host/plugins/libPreviewsMacros.dylib\#/Applications/Xcode.app/Contents/Developer/Platforms/MacOSX.platform/Developer/usr/bin/swift-plugin-server\#PreviewsMacros -load-resolved-plugin /Applications/Xcode.app/Contents/Developer/Platforms/MacOSX.platform/Developer/usr/lib/swift/host/plugins/libSwiftMacros.dylib\#/Applications/Xcode.app/Contents/Developer/Platforms/MacOSX.platform/Developer/usr/bin/swift-plugin-server\#SwiftMacros -load-resolved-plugin /Applications/Xcode.app/Contents/Developer/Platforms/MacOSX.platform/Developer/usr/lib/swift/host/plugins/libSwiftUIMacros.dylib\#/Applications/Xcode.app/Contents/Developer/Platforms/MacOSX.platform/Developer/usr/bin/swift-plugin-server\#SwiftUIMacros -disable-implicit-swift-modules -Xcc -fno-implicit-modules -Xcc -fno-implicit-module-maps -explicit-swift-module-map-file /Users/macmini/src/system-metrics/.derivedData/Build/Intermediates.noindex/SystemMetrics.build/Debug/SystemMetrics.build/Objects-normal/arm64/SystemMetrics-dependencies-1.json -Xllvm -aarch64-use-tbi -enable-objc-interop -stack-check -sdk /Applications/Xcode.app/Contents/Developer/Platforms/MacOSX.platform/Developer/SDKs/MacOSX26.2.sdk -I /Users/macmini/src/system-metrics/.derivedData/Build/Products/Debug -F /Users/macmini/src/system-metrics/.derivedData/Build/Products/Debug -no-color-diagnostics -Xcc -fno-color-diagnostics -enable-testing -g -debug-info-format\=dwarf -dwarf-version\=5 -module-cache-path /Users/macmini/src/system-metrics/.derivedData/Build/Intermediates.noindex/SwiftExplicitPrecompiledModules -profile-generate -profile-coverage-mapping -swift-version 5 -enforce-exclusivity\=checked -Onone -D DEBUG -serialize-debugging-options -const-gather-protocols-file /Users/macmini/src/system-metrics/.derivedData/Build/Intermediates.noindex/SystemMetrics.build/Debug/SystemMetrics.build/Objects-normal/arm64/SystemMetrics_const_extract_protocols.json -enable-upcoming-feature DisableOutwardActorInference -enable-upcoming-feature InferSendableFromCaptures -enable-upcoming-feature GlobalActorIsolatedTypesUsability -enable-upcoming-feature MemberImportVisibility -enable-upcoming-feature InferIsolatedConformances -enable-upcoming-feature NonisolatedNonsendingByDefault -enable-experimental-feature DebugDescriptionMacro -enable-bare-slash-regex -default-isolation\=MainActor -empty-abi-descriptor -validate-clang-modules-once -clang-build-session-file /Users/macmini/src/system-metrics/.derivedData/ModuleCache.noindex/Session.modulevalidation -Xcc -working-directory -Xcc /Users/macmini/src/system-metrics/SystemMetrics -enable-anonymous-context-mangled-names -file-compilation-dir /Users/macmini/src/system-metrics/SystemMetrics -Xcc -D_LIBCPP_HARDENING_MODE\=_LIBCPP_HARDENING_MODE_DEBUG -Xcc -ivfsstatcache -Xcc /Users/macmini/src/system-metrics/.derivedData/SDKStatCaches.noindex/macosx26.2-25C58-00fa09913b459cbbc988d1f6730289ae.sdkstatcache -Xcc -I/Users/macmini/src/system-metrics/.derivedData/Build/Intermediates.noindex/SystemMetrics.build/Debug/SystemMetrics.build/swift-overrides.hmap -Xcc -iquote -Xcc /Users/macmini/src/system-metrics/.derivedData/Build/Intermediates.noindex/SystemMetrics.build/Debug/SystemMetrics.build/SystemMetrics-generated-files.hmap -Xcc -I/Users/macmini/src/system-metrics/.derivedData/Build/Intermediates.noindex/SystemMetrics.build/Debug/SystemMetrics.build/SystemMetrics-own-target-headers.hmap -Xcc -I/Users/macmini/src/system-metrics/.derivedData/Build/Intermediates.noindex/SystemMetrics.build/Debug/SystemMetrics.build/SystemMetrics-all-target-headers.hmap -Xcc -iquote -Xcc /Users/macmini/src/system-metrics/.derivedData/Build/Intermediates.noindex/SystemMetrics.build/Debug/SystemMetrics.build/SystemMetrics-project-headers.hmap -Xcc -I/Users/macmini/src/system-metrics/.derivedData/Build/Products/Debug/include -Xcc -I/Users/macmini/src/system-metrics/.derivedData/Build/Intermediates.noindex/SystemMetrics.build/Debug/SystemMetrics.build/DerivedSources-normal/arm64 -Xcc -I/Users/macmini/src/system-metrics/.derivedData/Build/Intermediates.noindex/SystemMetrics.build/Debug/SystemMetrics.build/DerivedSources/arm64 -Xcc -I/Users/macmini/src/system-metrics/.derivedData/Build/Intermediates.noindex/SystemMetrics.build/Debug/SystemMetrics.build/DerivedSources -Xcc -DDEBUG\=1 -no-auto-bridging-header-chaining -module-name SystemMetrics -frontend-parseable-output -disable-clang-spi -target-sdk-version 26.2 -target-sdk-name macosx26.2 -clang-target arm64-apple-macos26.2 -in-process-plugin-server-path /Applications/Xcode.app/Contents/Developer/Toolchains/XcodeDefault.xctoolchain/usr/lib/swift/host/libSwiftInProcPluginServer.dylib -o /Users/macmini/src/system-metrics/.derivedData/Build/Intermediates.noindex/SystemMetrics.build/Debug/SystemMetrics.build/Objects-normal/arm64/ProcessCollector.o -index-unit-output-path /SystemMetrics.build/Debug/SystemMetrics.build/Objects-normal/arm64/ProcessCollector.o -index-store-path /Users/macmini/src/system-metrics/.derivedData/Index.noindex/DataStore -index-system-modules
SwiftCompile normal arm64 Compiling\ PressureCardsView.swift /Users/macmini/src/system-metrics/SystemMetrics/SystemMetrics/Views/PressureCardsView.swift (in target 'SystemMetrics' from project 'SystemMetrics')
SwiftCompile normal arm64 /Users/macmini/src/system-metrics/SystemMetrics/SystemMetrics/Views/PressureCardsView.swift (in target 'SystemMetrics' from project 'SystemMetrics')
    cd /Users/macmini/src/system-metrics/SystemMetrics
    

SwiftCompile normal arm64 Compiling\ MetricsViewModel.swift /Users/macmini/src/system-metrics/SystemMetrics/SystemMetrics/ViewModels/MetricsViewModel.swift (in target 'SystemMetrics' from project 'SystemMetrics')

SwiftCompile normal arm64 /Users/macmini/src/system-metrics/SystemMetrics/SystemMetrics/ViewModels/MetricsViewModel.swift (in target 'SystemMetrics' from project 'SystemMetrics')
    cd /Users/macmini/src/system-metrics/SystemMetrics
    

SwiftCompile normal arm64 Compiling\ HierarchyTableView.swift /Users/macmini/src/system-metrics/SystemMetrics/SystemMetrics/Views/HierarchyTableView.swift (in target 'SystemMetrics' from project 'SystemMetrics')

SwiftCompile normal arm64 /Users/macmini/src/system-metrics/SystemMetrics/SystemMetrics/Views/HierarchyTableView.swift (in target 'SystemMetrics' from project 'SystemMetrics')
    cd /Users/macmini/src/system-metrics/SystemMetrics
    

SwiftCompile normal arm64 Compiling\ TreemapView.swift /Users/macmini/src/system-metrics/SystemMetrics/SystemMetrics/Views/TreemapView.swift (in target 'SystemMetrics' from project 'SystemMetrics')

SwiftCompile normal arm64 /Users/macmini/src/system-metrics/SystemMetrics/SystemMetrics/Views/TreemapView.swift (in target 'SystemMetrics' from project 'SystemMetrics')
    cd /Users/macmini/src/system-metrics/SystemMetrics
    

SwiftEmitModule normal arm64 Emitting\ module\ for\ SystemMetrics (in target 'SystemMetrics' from project 'SystemMetrics')

EmitSwiftModule normal arm64 (in target 'SystemMetrics' from project 'SystemMetrics')
    cd /Users/macmini/src/system-metrics/SystemMetrics
    

SwiftCompile normal arm64 Compiling\ ContentView.swift /Users/macmini/src/system-metrics/SystemMetrics/SystemMetrics/ContentView.swift (in target 'SystemMetrics' from project 'SystemMetrics')

SwiftCompile normal arm64 /Users/macmini/src/system-metrics/SystemMetrics/SystemMetrics/ContentView.swift (in target 'SystemMetrics' from project 'SystemMetrics')
    cd /Users/macmini/src/system-metrics/SystemMetrics
    

SwiftCompile normal arm64 Compiling\ GeneratedAssetSymbols.swift /Users/macmini/src/system-metrics/.derivedData/Build/Intermediates.noindex/SystemMetrics.build/Debug/SystemMetrics.build/DerivedSources/GeneratedAssetSymbols.swift (in target 'SystemMetrics' from project 'SystemMetrics')

SwiftCompile normal arm64 /Users/macmini/src/system-metrics/.derivedData/Build/Intermediates.noindex/SystemMetrics.build/Debug/SystemMetrics.build/DerivedSources/GeneratedAssetSymbols.swift (in target 'SystemMetrics' from project 'SystemMetrics')
    cd /Users/macmini/src/system-metrics/SystemMetrics
    

SwiftCompile normal arm64 Compiling\ SystemMetricsApp.swift /Users/macmini/src/system-metrics/SystemMetrics/SystemMetrics/SystemMetricsApp.swift (in target 'SystemMetrics' from project 'SystemMetrics')
SwiftCompile normal arm64 /Users/macmini/src/system-metrics/SystemMetrics/SystemMetrics/SystemMetricsApp.swift (in target 'SystemMetrics' from project 'SystemMetrics')
    cd /Users/macmini/src/system-metrics/SystemMetrics
    

** BUILD FAILED **


The following build commands failed:
	SwiftCompile normal arm64 /Users/macmini/src/system-metrics/SystemMetrics/SystemMetrics/Services/ProcessCollector.swift (in target 'SystemMetrics' from project 'SystemMetrics')
	SwiftCompile normal arm64 Compiling\ ProcessCollector.swift /Users/macmini/src/system-metrics/SystemMetrics/SystemMetrics/Services/ProcessCollector.swift (in target 'SystemMetrics' from project 'SystemMetrics')
	Building project SystemMetrics with scheme SystemMetrics
(3 failures)
